E:\桌面\最近项目相关\合肥公安项目\HFGA在线人脸检索系统v1\后台\OnlineFaceofHFGA\OnlineFaceofHFGAv1.0\Release\cl.command.1.tlog
E:\桌面\最近项目相关\合肥公安项目\HFGA在线人脸检索系统v1\后台\OnlineFaceofHFGA\OnlineFaceofHFGAv1.0\Release\CL.read.1.tlog
E:\桌面\最近项目相关\合肥公安项目\HFGA在线人脸检索系统v1\后台\OnlineFaceofHFGA\OnlineFaceofHFGAv1.0\Release\CL.write.1.tlog
E:\桌面\最近项目相关\合肥公安项目\HFGA在线人脸检索系统V1\后台\ONLINEFACEOFHFGA\ONLINEFACEOFHFGAV1.0\RELEASE\CREATE_NEW_THREAD.OBJ
E:\桌面\最近项目相关\合肥公安项目\HFGA在线人脸检索系统V1\后台\ONLINEFACEOFHFGA\ONLINEFACEOFHFGAV1.0\RELEASE\DETECT_FACE.OBJ
E:\桌面\最近项目相关\合肥公安项目\HFGA在线人脸检索系统V1\后台\ONLINEFACEOFHFGA\ONLINEFACEOFHFGAV1.0\RELEASE\DRAWIMAGE.OBJ
E:\桌面\最近项目相关\合肥公安项目\HFGA在线人脸检索系统V1\后台\ONLINEFACEOFHFGA\ONLINEFACEOFHFGAV1.0\RELEASE\FACE_COMPARE.OBJ
E:\桌面\最近项目相关\合肥公安项目\HFGA在线人脸检索系统V1\后台\ONLINEFACEOFHFGA\ONLINEFACEOFHFGAV1.0\RELEASE\FACEALIGN.OBJ
E:\桌面\最近项目相关\合肥公安项目\HFGA在线人脸检索系统V1\后台\ONLINEFACEOFHFGA\ONLINEFACEOFHFGAV1.0\RELEASE\FACEPOINT.OBJ
E:\桌面\最近项目相关\合肥公安项目\HFGA在线人脸检索系统V1\后台\ONLINEFACEOFHFGA\ONLINEFACEOFHFGAV1.0\RELEASE\GET_CNN_FEATURE.OBJ
E:\桌面\最近项目相关\合肥公安项目\HFGA在线人脸检索系统V1\后台\ONLINEFACEOFHFGA\ONLINEFACEOFHFGAV1.0\RELEASE\GETCARDINFO.OBJ
E:\桌面\最近项目相关\合肥公安项目\HFGA在线人脸检索系统V1\后台\ONLINEFACEOFHFGA\ONLINEFACEOFHFGAV1.0\RELEASE\GETFILES.OBJ
E:\桌面\最近项目相关\合肥公安项目\HFGA在线人脸检索系统v1\后台\OnlineFaceofHFGA\OnlineFaceofHFGAv1.0\Release\link.command.1.tlog
E:\桌面\最近项目相关\合肥公安项目\HFGA在线人脸检索系统v1\后台\OnlineFaceofHFGA\OnlineFaceofHFGAv1.0\Release\link.read.1.tlog
E:\桌面\最近项目相关\合肥公安项目\HFGA在线人脸检索系统v1\后台\OnlineFaceofHFGA\OnlineFaceofHFGAv1.0\Release\link.write.1.tlog
E:\桌面\最近项目相关\合肥公安项目\HFGA在线人脸检索系统V1\后台\ONLINEFACEOFHFGA\ONLINEFACEOFHFGAV1.0\RELEASE\MAIN.OBJ
E:\桌面\最近项目相关\合肥公安项目\HFGA在线人脸检索系统v1\后台\OnlineFaceofHFGA\OnlineFaceofHFGAv1.0\Release\OnlineFaceofHFGAv1.0.write.1.tlog
E:\桌面\最近项目相关\合肥公安项目\HFGA在线人脸检索系统V1\后台\ONLINEFACEOFHFGA\ONLINEFACEOFHFGAV1.0\RELEASE\RECOGNITION_MODE.OBJ
E:\桌面\最近项目相关\合肥公安项目\HFGA在线人脸检索系统V1\后台\ONLINEFACEOFHFGA\ONLINEFACEOFHFGAV1.0\RELEASE\REGISTER.OBJ
E:\桌面\最近项目相关\合肥公安项目\HFGA在线人脸检索系统V1\后台\ONLINEFACEOFHFGA\ONLINEFACEOFHFGAV1.0\RELEASE\REGISTER_MODE.OBJ
E:\桌面\最近项目相关\合肥公安项目\HFGA在线人脸检索系统V1\后台\ONLINEFACEOFHFGA\ONLINEFACEOFHFGAV1.0\RELEASE\SHOW_COMPARE_RESULT.OBJ
E:\桌面\最近项目相关\合肥公安项目\HFGA在线人脸检索系统V1\后台\ONLINEFACEOFHFGA\ONLINEFACEOFHFGAV1.0\RELEASE\VC100.PDB
E:\桌面\最近项目相关\合肥公安项目\HFGA在线人脸检索系统V1\后台\ONLINEFACEOFHFGA\ONLINEFACEOFHFGAV1.0\RELEASE\VERSION_INFO_SHOW.OBJ
E:\桌面\最近项目相关\合肥公安项目\HFGA在线人脸检索系统V1\后台\ONLINEFACEOFHFGA\ONLINEFACEOFHFGAV1.0\RELEASE\VIDEO_CAMERA.OBJ
